1528823474583	geckodriver	INFO	geckodriver 0.20.1
1528823474602	geckodriver	INFO	Listening on 127.0.0.1:12435
1528823477365	mozrunner::runner	INFO	Running command: "C:\\Program Files (x86)\\Mozilla Firefox\\firefox.exe" "-marionette" "-profile" "C:\\Users\\CODYRE~1\\AppData\\Local\\Temp\\rust_mozprofile.sxCKTI3uuBb2"
Unable to read VR Path Registry from C:\Users\Cody Redding\AppData\Local\openvr\openvrpaths.vrpath
Unable to read VR Path Registry from C:\Users\Cody Redding\AppData\Local\openvr\openvrpaths.vrpath
Unable to read VR Path Registry from C:\Users\Cody Redding\AppData\Local\openvr\openvrpaths.vrpath
Unable to read VR Path Registry from C:\Users\Cody Redding\AppData\Local\openvr\openvrpaths.vrpath
1528823481157	Marionette	INFO	Listening on port 12444
Unable to read VR Path Registry from C:\Users\Cody Redding\AppData\Local\openvr\openvrpaths.vrpath
1528823481490	Marionette	WARN	TLS certificate errors will be ignored for this session
[Child 7768, Chrome_ChildThread] WARNING: pipe error: 109: file z:/build/build/src/ipc/chromium/src/chrome/common/ipc_channel_win.cc, line 346
[Child 7768, Chrome_ChildThread] WARNING: *** UTM:SVC TimerManager:registerTimer called after profile-before-change notification. Ignoring timer registration for id: telemetry_modules_ping

###!!! [Child][MessageChannel::SendAndWait] Error: Channel error: cannot send/recv

1528823501873	geckodriver	INFO	geckodriver 0.20.1
1528823501896	geckodriver	INFO	Listening on 127.0.0.1:12489
1528823504706	mozrunner::runner	INFO	Running command: "C:\\Program Files (x86)\\Mozilla Firefox\\firefox.exe" "-marionette" "-profile" "C:\\Users\\CODYRE~1\\AppData\\Local\\Temp\\rust_mozprofile.2deffz9Mzks9"
Unable to read VR Path Registry from C:\Users\Cody Redding\AppData\Local\openvr\openvrpaths.vrpath
Unable to read VR Path Registry from C:\Users\Cody Redding\AppData\Local\openvr\openvrpaths.vrpath
Unable to read VR Path Registry from C:\Users\Cody Redding\AppData\Local\openvr\openvrpaths.vrpath
Unable to read VR Path Registry from C:\Users\Cody Redding\AppData\Local\openvr\openvrpaths.vrpath
Unable to read VR Path Registry from C:\Users\Cody Redding\AppData\Local\openvr\openvrpaths.vrpath
1528823508184	Marionette	INFO	Listening on port 12500
1528823508322	Marionette	WARN	TLS certificate errors will be ignored for this session
JavaScript error: resource:///modules/ContentMetaHandler.jsm, [Parent 319line 16855, : GeNSck_Eo_RRIOORTh_IreLLadEG] ALWA_VRNALINUEG::  pCoipmpe onerenrot r: 109:re ftuilrne edz: f/baiuiluldre/b cuiodlde:/s 0rcx8/i00pc70/c05hromiu7 m/(NsrS_c/ERchROroR_meIL/cLEomGAmoL_n/VAipLUc_E)ch [annsneIMl_eswisageSendn.cc, lier.sendne 346
AsyncMessage]
[Child 17636, Chrome_ChildThread] WARNING: pipe error: 109: file z:/build/build/src/ipc/chromium/src/chrome/common/ipc_channel_win.cc, line 346
[Child 17636, Chrome_ChildThread] [Parent 31968, Gecko_IOThread] WARNING: pipe error: 109: file z:/build/build/src/ipc/chromium/src/chrome/common/ipc_channel_win.cc, line 346
*** UTM:SVC TimerManager:registerTimer called after profile-before-change notification. Ignoring timer registration for id: telemetry_modules_ping

###!!! [Child][MessageChannel::SendAndWait] Error: Channel error: cannot send/recv

1528823540255	geckodriver	INFO	geckodriver 0.20.1
1528823540273	geckodriver	INFO	Listening on 127.0.0.1:12558
1528823543102	mozrunner::runner	INFO	Running command: "C:\\Program Files (x86)\\Mozilla Firefox\\firefox.exe" "-marionette" "-profile" "C:\\Users\\CODYRE~1\\AppData\\Local\\Temp\\rust_mozprofile.fKkK0Hf5DNXS"
Unable to read VR Path Registry from C:\Users\Cody Redding\AppData\Local\openvr\openvrpaths.vrpath
Unable to read VR Path Registry from C:\Users\Cody Redding\AppData\Local\openvr\openvrpaths.vrpath
Unable to read VR Path Registry from C:\Users\Cody Redding\AppData\Local\openvr\openvrpaths.vrpath
Unable to read VR Path Registry from C:\Users\Cody Redding\AppData\Local\openvr\openvrpaths.vrpath
Unable to read VR Path Registry from C:\Users\Cody Redding\AppData\Local\openvr\openvrpaths.vrpath
1528823546921	Marionette	INFO	Listening on port 12566
1528823547231	Marionette	WARN	TLS certificate errors will be ignored for this session
[Parent 33284, Gecko_IOThread] WARNING: pipe error: 109: file z:/build/build/src/ipc/chromium/src/chrome/common/ipc_channel_win.cc, line 346
[Parent 33284, Gecko_IOThread] WARNING: pipe error: 109: file z:/build/build/src/ipc/chromium/src/chrome/common/ipc_channel_win.cc, line 346
[Child 7276, Chrome_ChildThread] WARNING: pipe error: 109: file z:/build/build/src/ipc/chromium/src/chrome/common/ipc_channel_win.cc, line 346
[Child 7276, Chrom[eC_hCihld 14612, Chrome_ChildThread] WARNING: pipe error: 109: file z:/build/build/src/ipc/chromiiludThread] WARNING: pipe error: 109: file z:/build/build/src/ipc/chromium/src/chrome/common/ipc_channel_win.cc, line 346m
/src/chrome/common/ipc_channel_win.cc, line 346
[Child 14612, Chrome_ChildThread] WARNING: pipe error: 109: file z:/build/build/src/ipc/chromium/src/chrome/common/ipc_channel_win.cc, line 346
[Parent 33284, Gecko_IOThread] WARNING: pipe error: 109: file z:/build/build/src/ipc/chromium/src/chrome/common/ipc_channel_win.cc, line 346
[Child 33208, Chrome_ChildThread] WARNING: pipe error: 109: file z:/build/build/src/ipc/chromium/src/chrome/common/ipc_channel_win.cc, line 346
[Child 33208, Chrome_ChildThread] WARNING: pipe error: 109: file z:/build/build/src/ipc/chromium/src/chrome/common/ipc_channel_win.cc, line 346
*** UTM:SVC TimerManager:registerTimer called after profile-before-change notification. Ignoring timer registration for id: telemetry_modules_ping

###!!! [Child][MessageChannel::SendAndWait] Error: Channel error: cannot send/recv

1528823559565	geckodriver	INFO	geckodriver 0.20.1
1528823559586	geckodriver	INFO	Listening on 127.0.0.1:12613
1528823562406	mozrunner::runner	INFO	Running command: "C:\\Program Files (x86)\\Mozilla Firefox\\firefox.exe" "-marionette" "-profile" "C:\\Users\\CODYRE~1\\AppData\\Local\\Temp\\rust_mozprofile.KrZAT6bU1Qec"
Unable to read VR Path Registry from C:\Users\Cody Redding\AppData\Local\openvr\openvrpaths.vrpath
Unable to read VR Path Registry from C:\Users\Cody Redding\AppData\Local\openvr\openvrpaths.vrpath
Unable to read VR Path Registry from C:\Users\Cody Redding\AppData\Local\openvr\openvrpaths.vrpath
Unable to read VR Path Registry from C:\Users\Cody Redding\AppData\Local\openvr\openvrpaths.vrpath
Unable to read VR Path Registry from C:\Users\Cody Redding\AppData\Local\openvr\openvrpaths.vrpath
1528823565494	Marionette	INFO	Listening on port 12624
1528823565541	Marionette	WARN	TLS certificate errors will be ignored for this session
[Parent 21636, Gecko_IOThread] WARNING: pipe error: 109: file z:/build/build/src/ipc/chromium/src/chrome/common/ipc_channel_win.cc, line 346
[Parent 21636, Gecko_IOThread] WARNING: pipe error: 109: file z:/build/build/src/ipc/chromium/src/chrome/common/ipc_channel_win.cc, line 346
[Parent 21636, Gecko_IOThread] WARNING: pipe error: 109: file z:/build/build/src/ipc/chromium/src/chrome/common/ipc_channel_win.cc, line 346
[Child 26496, Chrome_ChildThread] WARNING: pipe error: 109: file z:/build/build/src/ipc/chromium/src/chrome/common/ipc_channel_win.cc, line 346
[Child 26496, Chrome_ChildThread] WARNING: pipe e*** UTM:SVC TimerManager:registerTimer called after profile-before-change notification. Ignoring timer registration for id: telemetry_modules_ping

###!!! [Child][MessageChannel::SendAndWait] Error: Channel error: cannot send/recv

